<?xml version="1.0" encoding="UTF-8"?>
<!-- Generated by org.testng.reporters.JUnitReportReporter -->
<testsuite skipped="0" hostname="LAPTOP-V7TVMTLS" name="com.SeleniumCucumberFM.framework.Runner.ProductCategory.TestTotalNoOfProductRunner" tests="1" failures="0" timestamp="11 Feb 2018 10:46:08 GMT" time="30.823" errors="0">
  <testcase name="runScenario" time="30.823" classname="com.SeleniumCucumberFM.framework.Runner.ProductCategory.TestTotalNoOfProductRunner"/>
</testsuite> <!-- com.SeleniumCucumberFM.framework.Runner.ProductCategory.TestTotalNoOfProductRunner -->
