<?xml version="1.0" encoding="UTF-8"?>
<!-- Generated by org.testng.reporters.JUnitReportReporter -->
<testsuite skipped="0" hostname="LAPTOP-V7TVMTLS" name="com.SeleniumCucumberFM.framework.Runner.Registration.RegistrationRunner" tests="2" failures="0" timestamp="08 Feb 2018 22:04:42 GMT" time="217.781" errors="0">
  <testcase name="runScenario" time="112.937" classname="com.SeleniumCucumberFM.framework.Runner.Registration.RegistrationRunner"/>
  <testcase name="runScenario" time="104.844" classname="com.SeleniumCucumberFM.framework.Runner.Registration.RegistrationRunner"/>
</testsuite> <!-- com.SeleniumCucumberFM.framework.Runner.Registration.RegistrationRunner -->
