<?xml version="1.0" encoding="UTF-8"?>
<!-- Generated by org.testng.reporters.JUnitReportReporter -->
<testsuite skipped="0" hostname="LAPTOP-V7TVMTLS" name="com.SeleniumCucumberFM.framework.TestScriptsPOMHybridFM.Product.ProductDetail" tests="1" failures="0" timestamp="10 Feb 2018 17:26:21 GMT" time="75.129" errors="0">
  <testcase name="selectProduct" time="75.129" classname="com.SeleniumCucumberFM.framework.TestScriptsPOMHybridFM.Product.ProductDetail"/>
</testsuite> <!-- com.SeleniumCucumberFM.framework.TestScriptsPOMHybridFM.Product.ProductDetail -->
