<?xml version="1.0" encoding="UTF-8"?>
<!-- Generated by org.testng.reporters.JUnitReportReporter -->
<testsuite skipped="0" hostname="LAPTOP-V7TVMTLS" name="com.SeleniumCucumberFM.framework.TestScriptsPOMHybridFM.CheckWebeventListner" tests="2" failures="0" timestamp="11 Feb 2018 10:54:04 GMT" time="21.908" errors="1">
  <testcase name="endTest" time="0.033" classname="com.SeleniumCucumberFM.framework.TestScriptsPOMHybridFM.CheckWebeventListner">
    <error type="java.lang.NullPointerException">
      <![CDATA[java.lang.NullPointerExceptionat com.SeleniumCucumberFM.framework.TestScriptsPOMHybridFM.CheckWebeventListner.endTest(CheckWebeventListner.java:258)at sun.reflect.NativeMethodAccessorImpl.invoke0(Native Method)at sun.reflect.NativeMethodAccessorImpl.invoke(NativeMethodAccessorImpl.java:62)at sun.reflect.DelegatingMethodAccessorImpl.invoke(DelegatingMethodAccessorImpl.java:43)at java.lang.reflect.Method.invoke(Method.java:498)at org.testng.internal.MethodInvocationHelper.invokeMethod(MethodInvocationHelper.java:124)at org.testng.internal.MethodInvocationHelper.invokeMethodConsideringTimeout(MethodInvocationHelper.java:59)at org.testng.internal.Invoker.invokeConfigurationMethod(Invoker.java:451)at org.testng.internal.Invoker.invokeConfigurations(Invoker.java:222)at org.testng.internal.Invoker.invokeConfigurations(Invoker.java:142)at org.testng.internal.TestMethodWorker.invokeAfterClassMethods(TestMethodWorker.java:208)at org.testng.internal.TestMethodWorker.run(TestMethodWorker.java:111)at java.util.concurrent.ThreadPoolExecutor.runWorker(ThreadPoolExecutor.java:1149)at java.util.concurrent.ThreadPoolExecutor$Worker.run(ThreadPoolExecutor.java:624)at java.lang.Thread.run(Thread.java:748)]]>
    </error>
  </testcase> <!-- endTest -->
  <testcase name="checkWebEventListner" time="21.875" classname="com.SeleniumCucumberFM.framework.TestScriptsPOMHybridFM.CheckWebeventListner"/>
</testsuite> <!-- com.SeleniumCucumberFM.framework.TestScriptsPOMHybridFM.CheckWebeventListner -->
