<?xml version="1.0" encoding="UTF-8"?>
<!-- Generated by org.testng.reporters.JUnitReportReporter -->
<testsuite skipped="0" hostname="LAPTOP-V7TVMTLS" name="com.SeleniumCucumberFM.framework.Runner.Login.LoginRunner" tests="1" failures="0" timestamp="08 Feb 2018 17:28:59 GMT" time="28.665" errors="0">
  <testcase name="runScenario" time="28.665" classname="com.SeleniumCucumberFM.framework.Runner.Login.LoginRunner"/>
</testsuite> <!-- com.SeleniumCucumberFM.framework.Runner.Login.LoginRunner -->
